<?xml version="1.0" encoding="UTF-8"?>
<testng-results ignored="0" total="1" passed="1" failed="0" skipped="0">
  <reporter-output>
  </reporter-output>
  <suite started-at="2025-06-02T14:44:42 IST" name="Suite" finished-at="2025-06-02T14:44:53 IST" duration-ms="10261">
    <groups>
    </groups>
    <test started-at="2025-06-02T14:44:42 IST" name="Test" finished-at="2025-06-02T14:44:53 IST" duration-ms="10261">
      <class name="TESTEXECUTION.SigninExecutionclass">
        <test-method is-config="true" signature="setup()[pri:0, instance:TESTEXECUTION.SigninExecutionclass@9353778]" started-at="2025-06-02T14:44:42 IST" name="setup" finished-at="2025-06-02T14:44:52 IST" duration-ms="9560" status="PASS">
          <reporter-output>
          </reporter-output>
        </test-method> <!-- setup -->
        <test-method signature="signinpage()[pri:0, instance:TESTEXECUTION.SigninExecutionclass@9353778]" started-at="2025-06-02T14:44:52 IST" name="signinpage" finished-at="2025-06-02T14:44:52 IST" duration-ms="481" status="PASS">
          <reporter-output>
          </reporter-output>
        </test-method> <!-- signinpage -->
        <test-method is-config="true" signature="tear(org.testng.ITestResult)[pri:0, instance:TESTEXECUTION.SigninExecutionclass@9353778]" started-at="2025-06-02T14:44:52 IST" name="tear" finished-at="2025-06-02T14:44:53 IST" duration-ms="145" status="PASS">
          <params>
            <param index="0">
              <value>
                <![CDATA[[TestResult name=signinpage status=SUCCESS method=SigninExecutionclass.signinpage()[pri:0, instance:TESTEXECUTION.SigninExecutionclass@9353778] output={null}]]]>
              </value>
            </param>
          </params>
          <reporter-output>
          </reporter-output>
        </test-method> <!-- tear -->
      </class> <!-- TESTEXECUTION.SigninExecutionclass -->
    </test> <!-- Test -->
  </suite> <!-- Suite -->
</testng-results>
