<?xml version="1.0" encoding="UTF-8"?>
<testng-results ignored="0" total="1" passed="1" failed="0" skipped="0">
  <reporter-output>
  </reporter-output>
  <suite started-at="2025-05-26T22:50:59 IST" name="Default suite" finished-at="2025-05-26T22:51:10 IST" duration-ms="10136">
    <groups>
    </groups>
    <test started-at="2025-05-26T22:50:59 IST" name="Default test" finished-at="2025-05-26T22:51:10 IST" duration-ms="10136">
      <class name="TESTEXECUTION.SigninExecutionclass">
        <test-method is-config="true" signature="setup()[pri:0, instance:TESTEXECUTION.SigninExecutionclass@44c03695]" started-at="2025-05-26T22:50:59 IST" name="setup" finished-at="2025-05-26T22:51:09 IST" duration-ms="9480" status="PASS">
          <reporter-output>
          </reporter-output>
        </test-method> <!-- setup -->
        <test-method signature="signinpage()[pri:0, instance:TESTEXECUTION.SigninExecutionclass@44c03695]" started-at="2025-05-26T22:51:09 IST" name="signinpage" finished-at="2025-05-26T22:51:09 IST" duration-ms="387" status="PASS">
          <reporter-output>
          </reporter-output>
        </test-method> <!-- signinpage -->
        <test-method is-config="true" signature="tear(org.testng.ITestResult)[pri:0, instance:TESTEXECUTION.SigninExecutionclass@44c03695]" started-at="2025-05-26T22:51:09 IST" name="tear" finished-at="2025-05-26T22:51:10 IST" duration-ms="207" status="PASS">
          <params>
            <param index="0">
              <value>
                <![CDATA[[TestResult name=signinpage status=SUCCESS method=SigninExecutionclass.signinpage()[pri:0, instance:TESTEXECUTION.SigninExecutionclass@44c03695] output={null}]]]>
              </value>
            </param>
          </params>
          <reporter-output>
          </reporter-output>
        </test-method> <!-- tear -->
      </class> <!-- TESTEXECUTION.SigninExecutionclass -->
    </test> <!-- Default test -->
  </suite> <!-- Default suite -->
</testng-results>
